2020/03/19 17:13:42  [*] Connected to RabbitMQ
2020/03/19 17:13:42  [*] Channel opened
2020/03/19 17:13:42  [*] commands exchange declared
2020/03/19 17:13:42  [*] onlinePlayers queue declared
2020/03/19 17:13:42  [*] amq.gen-Dq3Lki5-ouz6N9Ept_pJsQ queue declared
2020/03/19 17:13:42  [*] amq.gen-Dq3Lki5-ouz6N9Ept_pJsQ queue binded to commands exchange
2020/03/19 17:13:42  [*] checkOnline queue declared
2020/03/19 17:13:42 
2020/03/19 17:13:44  [*] Connected to RabbitMQ
2020/03/19 17:13:44  [*] Channel opened
2020/03/19 17:13:44  [*] commands exchange declared
2020/03/19 17:13:44  [*] onlinePlayers queue declared
2020/03/19 17:13:44  [*] amq.gen-H3j4EC5C5z7Y6qfm9bGUzg queue declared
2020/03/19 17:13:44  [*] amq.gen-H3j4EC5C5z7Y6qfm9bGUzg queue binded to commands exchange
2020/03/19 17:13:44  [*] checkOnline queue declared
2020/03/19 17:13:44 
2020/03/19 17:13:44  [*] amq.gen-pcn5D2riKQfWoYZSTdYyqw queue declared
2020/03/19 17:13:44 warning SCSTBKMGIVTTGVLANNGMXIMGXNFOGLWQ
2020/03/19 17:13:44 warning SCSTBKMGIVTTGVLANNGMXIMGXNFOGLWQ
2020/03/19 17:13:44 warning SCSTBKMGIVTTGVLANNGMXIMGXNFOGLWQ
2020/03/19 17:14:04 info delete received 
2020/03/19 17:14:04 info delete received 
2020/03/19 17:14:12  [*] Channel closed
2020/03/19 17:14:12  [*] amq.gen-dhmNQzr1Pw-qEpuoY3PO6A queue declared
2020/03/19 17:14:12 info delete received 
2020/03/19 17:14:15  [*] Channel closed
2020/03/19 17:27:49  [*] Connected to RabbitMQ
2020/03/19 17:27:49  [*] Channel opened
2020/03/19 17:27:49  [*] commands exchange declared
2020/03/19 17:27:49  [*] onlinePlayers queue declared
2020/03/19 17:27:49  [*] amq.gen-dMYEep7fDT881dlhM0V2kA queue declared
2020/03/19 17:27:49  [*] amq.gen-dMYEep7fDT881dlhM0V2kA queue binded to commands exchange
2020/03/19 17:27:49  [*] checkOnline queue declared
2020/03/19 17:27:49 
2020/03/19 17:27:51  [*] Connected to RabbitMQ
2020/03/19 17:27:51  [*] Channel opened
2020/03/19 17:27:51  [*] commands exchange declared
2020/03/19 17:27:51  [*] onlinePlayers queue declared
2020/03/19 17:27:51  [*] amq.gen-35rZR0lQJKnZ1GFDZiqcMQ queue declared
2020/03/19 17:27:51  [*] amq.gen-35rZR0lQJKnZ1GFDZiqcMQ queue binded to commands exchange
2020/03/19 17:27:51  [*] checkOnline queue declared
2020/03/19 17:27:51 
2020/03/19 17:27:54  [*] amq.gen-RpLWdbtaoLKyLwRRDd3-pA queue declared
2020/03/19 17:27:54 warning PPUIKQOLIWHENELLBQHNDKOACIXKOVCQ
2020/03/19 17:27:54 warning PPUIKQOLIWHENELLBQHNDKOACIXKOVCQ
2020/03/19 17:27:54 warning PPUIKQOLIWHENELLBQHNDKOACIXKOVCQ
2020/03/19 17:28:21 info delete received 
2020/03/19 17:28:21 info delete received 
2020/03/19 17:29:54  [*] Channel closed
2020/03/19 17:29:54  [*] amq.gen-TnOdeJpsTrGWQCIW40c3VQ queue declared
2020/03/19 17:29:54  [*] amq.gen-yE9g1Gi3Jl9z5QPZu_ebRw queue declared
2020/03/19 17:29:54 info delete received 
2020/03/19 17:29:55  [*] Channel closed
2020/03/19 17:29:58  [*] Connected to RabbitMQ
2020/03/19 17:29:58  [*] Channel opened
2020/03/19 17:29:58  [*] commands exchange declared
2020/03/19 17:29:58  [*] onlinePlayers queue declared
2020/03/19 17:29:58  [*] amq.gen-xU_QnHZPKTva-sQyRB1mAw queue declared
2020/03/19 17:29:58  [*] amq.gen-xU_QnHZPKTva-sQyRB1mAw queue binded to commands exchange
2020/03/19 17:29:58  [*] checkOnline queue declared
2020/03/19 17:29:58 
2020/03/19 17:29:59  [*] Connected to RabbitMQ
2020/03/19 17:29:59  [*] Channel opened
2020/03/19 17:29:59  [*] commands exchange declared
2020/03/19 17:29:59  [*] onlinePlayers queue declared
2020/03/19 17:29:59  [*] amq.gen-DgT7Eyv2fEql5gAh9pwbgA queue declared
2020/03/19 17:29:59  [*] amq.gen-DgT7Eyv2fEql5gAh9pwbgA queue binded to commands exchange
2020/03/19 17:29:59  [*] checkOnline queue declared
2020/03/19 17:29:59 
2020/03/19 17:30:00  [*] amq.gen-tsHGdTgtDpHkjalZkwI7yQ queue declared
2020/03/19 17:30:00 warning QPMWHGPAVCTYXKSHQYCQCETVVQDJJPJQ
2020/03/19 17:30:00 warning QPMWHGPAVCTYXKSHQYCQCETVVQDJJPJQ
2020/03/19 17:30:00 warning QPMWHGPAVCTYXKSHQYCQCETVVQDJJPJQ
2020/03/19 17:30:11 info delete received 
2020/03/19 17:30:11 info delete received 
2020/03/19 17:30:11  [*] amq.gen-gSKjTO9tgjhOCuf1ZcZvgw queue declared
2020/03/19 17:30:41  [*] Channel closed
2020/03/19 17:30:50  [*] Connected to RabbitMQ
2020/03/19 17:30:50  [*] Channel opened
2020/03/19 17:30:50  [*] commands exchange declared
2020/03/19 17:30:50  [*] onlinePlayers queue declared
2020/03/19 17:30:50  [*] amq.gen-m0FW6wvomH2aRmVDl5ezcA queue declared
2020/03/19 17:30:50  [*] amq.gen-m0FW6wvomH2aRmVDl5ezcA queue binded to commands exchange
2020/03/19 17:30:50  [*] checkOnline queue declared
2020/03/19 17:30:50 
2020/03/19 17:30:51  [*] Connected to RabbitMQ
2020/03/19 17:30:51  [*] Channel opened
2020/03/19 17:30:51  [*] commands exchange declared
2020/03/19 17:30:51  [*] onlinePlayers queue declared
2020/03/19 17:30:51  [*] amq.gen-4q2M4mQZ6Szi-958tCZsQA queue declared
2020/03/19 17:30:51  [*] amq.gen-4q2M4mQZ6Szi-958tCZsQA queue binded to commands exchange
2020/03/19 17:30:51  [*] checkOnline queue declared
2020/03/19 17:30:51 
2020/03/19 17:30:52  [*] amq.gen-V5xKWYTM9wAI6DqnnpQBWA queue declared
2020/03/19 17:30:52 warning DFMSMXCCTCBBVFAYOISGJTKKSFDBHBSO
2020/03/19 17:30:52 warning DFMSMXCCTCBBVFAYOISGJTKKSFDBHBSO
2020/03/19 17:30:52 warning DFMSMXCCTCBBVFAYOISGJTKKSFDBHBSO
2020/03/19 17:31:15 info delete received 
2020/03/19 17:31:15 info delete received 
2020/03/19 17:31:47  [*] Channel closed
2020/03/19 17:31:47  [*] amq.gen-7ph-lU6WqiLurn0ruSubcg queue declared
2020/03/19 17:31:47  [*] amq.gen-T12cLqUz5haMiUCH447Lng queue declared
2020/03/19 17:31:47 info delete received 
2020/03/19 17:31:49  [*] Channel closed
2020/03/19 17:31:52  [*] Connected to RabbitMQ
2020/03/19 17:31:52  [*] Channel opened
2020/03/19 17:31:52  [*] commands exchange declared
2020/03/19 17:31:52  [*] onlinePlayers queue declared
2020/03/19 17:31:52  [*] amq.gen-tAygO_TS68Ybplpi5p8iNQ queue declared
2020/03/19 17:31:52  [*] amq.gen-tAygO_TS68Ybplpi5p8iNQ queue binded to commands exchange
2020/03/19 17:31:52  [*] checkOnline queue declared
2020/03/19 17:31:52 
2020/03/19 17:31:53  [*] Connected to RabbitMQ
2020/03/19 17:31:53  [*] Channel opened
2020/03/19 17:31:53  [*] commands exchange declared
2020/03/19 17:31:53  [*] onlinePlayers queue declared
2020/03/19 17:31:53  [*] amq.gen-mYiorkhI32lzSMUaKwQ3wA queue declared
2020/03/19 17:31:53  [*] amq.gen-mYiorkhI32lzSMUaKwQ3wA queue binded to commands exchange
2020/03/19 17:31:53  [*] checkOnline queue declared
2020/03/19 17:31:53 
2020/03/19 17:31:54  [*] amq.gen-KO9EDoE-_uLewGSHUmuSRw queue declared
2020/03/19 17:31:54 warning MBHTOEEYYCTJNSQFXGGNSEDVAIOGJVYT
2020/03/19 17:31:54 warning MBHTOEEYYCTJNSQFXGGNSEDVAIOGJVYT
2020/03/19 17:31:54 warning MBHTOEEYYCTJNSQFXGGNSEDVAIOGJVYT
2020/03/19 17:32:04  [*] amq.gen-cVEYbVLqcwlXx9JJ6RiKfA queue declared
2020/03/19 17:32:04  [*] Channel closed
2020/03/19 17:32:04 info delete received 
2020/03/19 17:32:05  [*] Channel closed
2020/03/19 17:32:09  [*] Connected to RabbitMQ
2020/03/19 17:32:09  [*] Channel opened
2020/03/19 17:32:09  [*] commands exchange declared
2020/03/19 17:32:09  [*] onlinePlayers queue declared
2020/03/19 17:32:09  [*] amq.gen-HhyiBiVFzZ0uHXJ_KsdWOg queue declared
2020/03/19 17:32:09  [*] amq.gen-HhyiBiVFzZ0uHXJ_KsdWOg queue binded to commands exchange
2020/03/19 17:32:09  [*] checkOnline queue declared
2020/03/19 17:32:09 
2020/03/19 17:32:10  [*] Connected to RabbitMQ
2020/03/19 17:32:10  [*] Channel opened
2020/03/19 17:32:10  [*] commands exchange declared
2020/03/19 17:32:10  [*] onlinePlayers queue declared
2020/03/19 17:32:10  [*] amq.gen-nugbWmb9jYlie-y0Pzi0Eg queue declared
2020/03/19 17:32:10  [*] amq.gen-nugbWmb9jYlie-y0Pzi0Eg queue binded to commands exchange
2020/03/19 17:32:10  [*] checkOnline queue declared
2020/03/19 17:32:10 
2020/03/19 17:32:12  [*] Channel closed
2020/03/19 17:32:13  [*] Channel closed
